2025-11-06 05:03:14 | NOT FOUND | {"tracker_click_id":"{SUB_ID}","payout":"{COMMISSION}","status":"{STATE}"}
2025-11-06 05:05:36 | NOT FOUND | {"clickid":"8872563","payout":"3.50","status":"tEST"}
2025-11-06 05:06:44 | NOT FOUND | {"tracker_click_id":"8872563","payout":"3.50","status":"confirmed"}
2025-11-06 05:06:46 | NOT FOUND | {"tracker_click_id":"8872563","payout":"3.50","status":"confirmed"}
2025-11-07 04:42:58 | NOT FOUND | {"payout":"4.48","racker_click_id":"","status":"open"}
2025-11-07 04:42:58 | NOT FOUND | {"payout":"4.48","racker_click_id":"","status":"open"}
2025-11-07 04:42:58 | NOT FOUND | {"payout":"4.48","racker_click_id":"","status":"open"}
2025-11-07 04:43:00 | NOT FOUND | {"payout":"4.2","racker_click_id":"","status":"open"}
2025-11-07 10:33:49 | NOT FOUND | {"payout":"4.24","racker_click_id":"1251231231","status":"open"}
2025-11-07 20:12:41 | NOT FOUND | []
2025-11-07 20:13:03 | NOT FOUND | {"clickid":"8872563","payout":"3.50","status":"tEST"}
2025-11-08 04:28:08 | NOT FOUND | {"payout":"6.45463","racker_click_id":"","status":"open"}
2025-11-08 04:32:16 | NOT FOUND | {"payout":"4.2","racker_click_id":"","status":"open"}
2025-11-08 04:32:17 | NOT FOUND | {"payout":"4.2","racker_click_id":"","status":"open"}
2025-11-08 04:32:18 | NOT FOUND | {"payout":"4.2","racker_click_id":"","status":"open"}
2025-11-08 04:32:24 | NOT FOUND | {"payout":"2.94","racker_click_id":"","status":"open"}
2025-11-08 07:25:25 | NOT FOUND | {"tracker_click_id":"1","payout":"0","status":"test"}
2025-11-08 07:25:36 | NOT FOUND | {"tracker_click_id":"1","payout":"0","status":"test"}
2025-11-08 07:25:46 | NOT FOUND | []
2025-11-08 07:37:57 | NOT FOUND | []
2025-11-08 07:38:20 | NOT FOUND | []
2025-11-08 11:58:07 | NOT FOUND | []
2025-11-08 11:58:12 | NOT FOUND | []
2025-11-09 04:32:06 | NOT FOUND | {"payout":"2.94","racker_click_id":"","status":"open"}
2025-11-09 04:32:06 | NOT FOUND | {"payout":"2.94","racker_click_id":"","status":"open"}
2025-11-17 10:36:19 | NOT FOUND | {"payout":"4.2","racker_click_id":"","status":"open"}
2025-11-17 10:36:19 | NOT FOUND | {"payout":"4.2","racker_click_id":"","status":"open"}
2025-11-17 10:36:19 | NOT FOUND | {"payout":"4.2","racker_click_id":"","status":"open"}
2025-11-17 10:36:23 | NOT FOUND | {"payout":"2.94","racker_click_id":"","status":"open"}
2025-11-17 10:36:23 | NOT FOUND | {"payout":"0.4724993","racker_click_id":"","status":"open"}
2025-11-17 10:36:23 | NOT FOUND | {"payout":"0.3338314","racker_click_id":"","status":"open"}
2025-11-17 10:36:23 | NOT FOUND | {"payout":"0.354375","racker_click_id":"","status":"open"}
2025-11-17 10:36:23 | NOT FOUND | {"payout":"0.3800538","racker_click_id":"","status":"open"}
2025-11-17 10:36:24 | NOT FOUND | {"payout":"0.1643474","racker_click_id":"","status":"open"}
2025-11-17 10:36:24 | NOT FOUND | {"payout":"0.2362493","racker_click_id":"","status":"open"}
2025-11-17 10:36:24 | NOT FOUND | {"payout":"0.3338314","racker_click_id":"","status":"open"}
2025-11-17 10:36:24 | NOT FOUND | {"payout":"1.3558692","racker_click_id":"","status":"open"}
2025-11-17 10:36:24 | NOT FOUND | {"payout":"0.5495378","racker_click_id":"","status":"open"}
2025-11-17 10:36:24 | NOT FOUND | {"payout":"0.3800538","racker_click_id":"","status":"open"}
2025-11-18 06:23:55 | NOT FOUND | {"payout":"4.2","tracker_click_id":"","status":"open"}
2025-11-18 06:23:57 | NOT FOUND | {"payout":"4.2","tracker_click_id":"","status":"open"}
2025-11-18 06:23:57 | NOT FOUND | {"payout":"4.2","tracker_click_id":"","status":"open"}
2025-11-18 06:23:57 | NOT FOUND | {"payout":"4.2","tracker_click_id":"","status":"open"}
2025-11-18 06:23:58 | NOT FOUND | {"payout":"4.2","tracker_click_id":"","status":"open"}
2025-11-18 06:23:58 | NOT FOUND | {"payout":"4.2","tracker_click_id":"","status":"open"}
2025-11-18 06:24:00 | NOT FOUND | {"payout":"2.94","tracker_click_id":"","status":"open"}
2025-11-18 06:24:05 | NOT FOUND | {"payout":"0.1694833","tracker_click_id":"","status":"open"}
2025-11-18 06:24:05 | NOT FOUND | {"payout":"0.3338314","tracker_click_id":"","status":"open"}
2025-11-18 06:24:05 | NOT FOUND | {"payout":"0.1900269","tracker_click_id":"","status":"open"}
2025-11-18 06:24:06 | NOT FOUND | {"payout":"0.6163038","tracker_click_id":"","status":"open"}
2025-11-18 06:24:06 | NOT FOUND | {"payout":"0.133532","tracker_click_id":"","status":"open"}
2025-11-18 06:24:06 | NOT FOUND | {"payout":"0.3800538","tracker_click_id":"","status":"open"}
2025-11-18 06:24:06 | NOT FOUND | {"payout":"0.3800538","tracker_click_id":"","status":"open"}
2025-11-19 06:19:41 | NOT FOUND | {"payout":"1.6275","tracker_click_id":"","status":"open"}
2025-11-19 06:19:41 | NOT FOUND | {"payout":"2.94","tracker_click_id":"","status":"open"}
2025-11-20 05:47:43 | NOT FOUND | {"payout":"4.2","tracker_click_id":"","status":"open"}
2025-11-20 05:47:49 | NOT FOUND | {"payout":"2.94","tracker_click_id":"","status":"open"}
2025-11-24 06:03:52 | NOT FOUND | {"payout":"7.875","tracker_click_id":"","status":"open"}
2025-11-25 16:20:58 | NOT FOUND | {"tracker_click_id":"","payout":"0.3335","status":"OPEN"}
2025-11-25 20:40:45 | NOT FOUND | {"tracker_click_id":"","payout":"0.5045","status":"OPEN"}
2025-11-25 21:21:34 | NOT FOUND | {"tracker_click_id":"","payout":"1.3150","status":"OPEN"}
2025-11-25 21:21:57 | NOT FOUND | {"tracker_click_id":"","payout":"0.1939","status":"OPEN"}
2025-11-26 03:43:54 | NOT FOUND | {"tracker_click_id":"","payout":"0.4205","status":"OPEN"}
2025-11-26 03:43:55 | NOT FOUND | {"tracker_click_id":"","payout":"2.0043","status":"OPEN"}
2025-11-26 03:44:04 | NOT FOUND | {"tracker_click_id":"","payout":"0.1447","status":"OPEN"}
2025-11-26 03:44:04 | NOT FOUND | {"tracker_click_id":"","payout":"0.4205","status":"OPEN"}
2025-11-26 06:36:13 | NOT FOUND | {"payout":"0.3675","tracker_click_id":"","status":"open"}
2025-11-26 06:36:15 | NOT FOUND | {"payout":"0.3675","tracker_click_id":"","status":"open"}
2025-11-26 06:36:15 | NOT FOUND | {"payout":"0.3675","tracker_click_id":"","status":"open"}
2025-11-26 06:36:23 | NOT FOUND | {"payout":"0.3675","tracker_click_id":"","status":"open"}
2025-11-26 06:36:23 | NOT FOUND | {"payout":"0.3675","tracker_click_id":"","status":"open"}
2025-11-26 06:36:30 | NOT FOUND | {"payout":"0.3675","tracker_click_id":"","status":"open"}
2025-11-26 06:36:35 | NOT FOUND | {"payout":"0.3675","tracker_click_id":"","status":"open"}
2025-11-26 14:24:26 | NOT FOUND | {"payout":"6.72","tracker_click_id":"","status":"rejected"}
2025-11-26 14:24:53 | NOT FOUND | {"payout":"6.72","tracker_click_id":"","status":"rejected"}
2025-11-26 14:25:24 | NOT FOUND | {"payout":"0.3675","tracker_click_id":"","status":"open"}
2025-11-26 14:25:26 | NOT FOUND | {"payout":"0.3675","tracker_click_id":"","status":"open"}
2025-11-26 14:25:26 | NOT FOUND | {"payout":"0.3675","tracker_click_id":"","status":"open"}
2025-11-26 14:25:26 | NOT FOUND | {"payout":"0.3675","tracker_click_id":"","status":"open"}
2025-11-26 14:25:26 | NOT FOUND | {"payout":"0.3675","tracker_click_id":"","status":"open"}
2025-11-26 14:25:28 | NOT FOUND | {"payout":"0.3675","tracker_click_id":"","status":"open"}
2025-11-26 14:25:28 | NOT FOUND | {"payout":"0.3675","tracker_click_id":"","status":"open"}
2025-11-26 14:25:29 | NOT FOUND | {"payout":"0.3675","tracker_click_id":"","status":"open"}
2025-11-26 14:25:30 | NOT FOUND | {"payout":"0.3675","tracker_click_id":"","status":"open"}
2025-11-26 14:25:31 | NOT FOUND | {"payout":"0.3675","tracker_click_id":"","status":"open"}
2025-11-26 14:25:33 | NOT FOUND | {"payout":"0.3675","tracker_click_id":"","status":"open"}
2025-11-26 14:25:34 | NOT FOUND | {"payout":"0.3675","tracker_click_id":"","status":"open"}
2025-11-26 14:25:40 | NOT FOUND | {"payout":"0.3675","tracker_click_id":"","status":"open"}
2025-11-26 14:25:41 | NOT FOUND | {"payout":"0.3675","tracker_click_id":"","status":"open"}
2025-11-26 14:25:42 | NOT FOUND | {"payout":"0.3675","tracker_click_id":"","status":"open"}
2025-11-26 14:25:42 | NOT FOUND | {"payout":"0.3675","tracker_click_id":"","status":"open"}
2025-11-26 14:25:45 | NOT FOUND | {"payout":"0.3675","tracker_click_id":"","status":"open"}
2025-11-26 14:25:45 | NOT FOUND | {"payout":"0.3675","tracker_click_id":"","status":"open"}
2025-11-26 14:25:49 | NOT FOUND | {"payout":"0.3675","tracker_click_id":"","status":"open"}
2025-11-26 14:25:51 | NOT FOUND | {"payout":"0.3675","tracker_click_id":"","status":"open"}
2025-11-26 14:25:55 | NOT FOUND | {"payout":"0.3675","tracker_click_id":"","status":"open"}
